<?xml version="1.0" encoding="UTF-8"?>
<!-- Generated by org.testng.reporters.JUnitXMLReporter -->
<testsuite ignored="0" hostname="DESKTOP-3DI3722" failures="1" tests="2" name="Test" time="9.004" errors="0" timestamp="2024-10-29T12:44:27 IST">
  <testcase classname="testCases.TC001_AccountRegistrationTest" name="account_Registration" time="2.593"/>
  <testcase classname="testCases.TC001_AccountRegistrationTest" name="account_Registration" time="2.634">
    <failure type="java.lang.NullPointerException" message="Cannot invoke &amp;quot;java.lang.Throwable.getMessage()&amp;quot; because the return value of &amp;quot;org.testng.ITestResult.getThrowable()&amp;quot; is null">
      <![CDATA[java.lang.NullPointerException: Cannot invoke "java.lang.Throwable.getMessage()" because the return value of "org.testng.ITestResult.getThrowable()" is null
at utilities.ExtentReportManager.onTestSuccess(ExtentReportManager.java:60)
at java.base/java.util.ArrayList.forEach(ArrayList.java:1597)
... Removed 24 stack frames]]>
    </failure>
  </testcase> <!-- account_Registration -->
</testsuite> <!-- Test -->
