<?xml version="1.0" encoding="UTF-8"?>
<!-- Generated by org.testng.reporters.JUnitXMLReporter -->
<testsuite ignored="0" hostname="DESKTOP-3DI3722" failures="2" tests="5" name="Test" time="33.078" errors="0" timestamp="2024-10-03T21:46:29 IST">
  <testcase classname="testCases.TC003_LoginDDT" name="verify_loginDDT" time="3.315"/>
  <testcase classname="testCases.TC003_LoginDDT" name="verify_loginDDT" time="2.568">
    <failure type="java.lang.AssertionError" message="expected [true] but found [false]">
      <![CDATA[java.lang.AssertionError: expected [true] but found [false]
at testCases.TC003_LoginDDT.verify_loginDDT(TC003_LoginDDT.java:52)
at java.base/java.util.ArrayList.forEach(ArrayList.java:1597)
... Removed 29 stack frames]]>
    </failure>
  </testcase> <!-- verify_loginDDT -->
  <testcase classname="testCases.TC003_LoginDDT" name="verify_loginDDT" time="4.013">
    <failure type="java.lang.AssertionError" message="expected [true] but found [false]">
      <![CDATA[java.lang.AssertionError: expected [true] but found [false]
at testCases.TC003_LoginDDT.verify_loginDDT(TC003_LoginDDT.java:52)
at java.base/java.util.ArrayList.forEach(ArrayList.java:1597)
... Removed 29 stack frames]]>
    </failure>
  </testcase> <!-- verify_loginDDT -->
  <testcase classname="testCases.TC003_LoginDDT" name="verify_loginDDT" time="11.85"/>
  <testcase classname="testCases.TC003_LoginDDT" name="verify_loginDDT" time="2.59"/>
</testsuite> <!-- Test -->
