<?xml version="1.0" encoding="UTF-8"?>
<testng-results ignored="0" total="1" passed="1" failed="0" skipped="0">
  <reporter-output>
  </reporter-output>
  <suite started-at="2024-10-17T00:15:23 IST" name="Suite" finished-at="2024-10-17T00:15:30 IST" duration-ms="7621">
    <groups>
    </groups>
    <test started-at="2024-10-17T00:15:23 IST" name="Test" finished-at="2024-10-17T00:15:30 IST" duration-ms="7621">
      <class name="testCases.TC001_AccountRegistrationTest">
        <test-method is-config="true" signature="setup(java.lang.String,java.lang.String)[pri:0, instance:testCases.TC001_AccountRegistrationTest@6f1de4c7]" started-at="2024-10-17T00:15:23 IST" name="setup" finished-at="2024-10-17T00:15:28 IST" duration-ms="4789" status="PASS">
          <params>
            <param index="0">
              <value>
                <![CDATA[Windows]]>
              </value>
            </param>
            <param index="1">
              <value>
                <![CDATA[chrome]]>
              </value>
            </param>
          </params>
          <reporter-output>
          </reporter-output>
        </test-method> <!-- setup -->
        <test-method signature="account_Registration()[pri:0, instance:testCases.TC001_AccountRegistrationTest@6f1de4c7]" started-at="2024-10-17T00:15:28 IST" name="account_Registration" finished-at="2024-10-17T00:15:30 IST" duration-ms="2511" status="PASS">
          <reporter-output>
          </reporter-output>
        </test-method> <!-- account_Registration -->
        <test-method is-config="true" signature="tearDown()[pri:0, instance:testCases.TC001_AccountRegistrationTest@6f1de4c7]" started-at="2024-10-17T00:15:30 IST" name="tearDown" finished-at="2024-10-17T00:15:30 IST" duration-ms="269" status="PASS">
          <reporter-output>
          </reporter-output>
        </test-method> <!-- tearDown -->
      </class> <!-- testCases.TC001_AccountRegistrationTest -->
    </test> <!-- Test -->
  </suite> <!-- Suite -->
</testng-results>
