<?xml version="1.0" encoding="UTF-8"?>
<testng-results ignored="0" total="1" passed="1" failed="0" skipped="0">
  <reporter-output>
  </reporter-output>
  <suite started-at="2024-10-16T21:57:06 IST" name="Suite" finished-at="2024-10-16T21:57:15 IST" duration-ms="9521">
    <groups>
    </groups>
    <test started-at="2024-10-16T21:57:06 IST" name="Test" finished-at="2024-10-16T21:57:15 IST" duration-ms="9521">
      <class name="testCases.TC001_AccountRegistrationTest">
        <test-method is-config="true" signature="setup(java.lang.String,java.lang.String)[pri:0, instance:testCases.TC001_AccountRegistrationTest@223191a6]" started-at="2024-10-16T21:57:06 IST" name="setup" finished-at="2024-10-16T21:57:12 IST" duration-ms="5937" status="PASS">
          <params>
            <param index="0">
              <value>
                <![CDATA[Windows]]>
              </value>
            </param>
            <param index="1">
              <value>
                <![CDATA[chrome]]>
              </value>
            </param>
          </params>
          <reporter-output>
          </reporter-output>
        </test-method> <!-- setup -->
        <test-method signature="account_Registration()[pri:0, instance:testCases.TC001_AccountRegistrationTest@223191a6]" started-at="2024-10-16T21:57:12 IST" name="account_Registration" finished-at="2024-10-16T21:57:15 IST" duration-ms="3265" status="PASS">
          <reporter-output>
          </reporter-output>
        </test-method> <!-- account_Registration -->
        <test-method is-config="true" signature="tearDown()[pri:0, instance:testCases.TC001_AccountRegistrationTest@223191a6]" started-at="2024-10-16T21:57:15 IST" name="tearDown" finished-at="2024-10-16T21:57:15 IST" duration-ms="257" status="PASS">
          <reporter-output>
          </reporter-output>
        </test-method> <!-- tearDown -->
      </class> <!-- testCases.TC001_AccountRegistrationTest -->
    </test> <!-- Test -->
  </suite> <!-- Suite -->
</testng-results>
